#
# There is insufficient memory for the Java Runtime Environment to continue.
# Native memory allocation (mmap) failed to map 132120576 bytes. Error detail: G1 virtual space
# Possible reasons:
#   The system is out of physical RAM or swap space
#   This process is running with CompressedOops enabled, and the Java Heap may be blocking the growth of the native heap
# Possible solutions:
#   Reduce memory load on the system
#   Increase physical memory or swap space
#   Check if swap backing store is full
#   Decrease Java heap size (-Xmx/-Xms)
#   Decrease number of Java threads
#   Decrease Java thread stack sizes (-Xss)
#   Set larger code cache with -XX:ReservedCodeCacheSize=
#   JVM is running with Unscaled Compressed Oops mode in which the Java heap is
#     placed in the first 4GB address space. The Java Heap base address is the
#     maximum limit for the native heap growth. Please use -XX:HeapBaseMinAddress
#     to set the Java Heap base and to place the Java Heap above 4GB virtual address.
# This output file may be truncated or incomplete.
#
#  Out of Memory Error (os_windows.cpp:3618), pid=1548, tid=7204
#
# JRE version:  (17.0.14+7) (build )
# Java VM: OpenJDK 64-Bit Server VM (17.0.14+7-LTS, mixed mode, emulated-client, sharing, tiered, compressed oops, compressed class ptrs, g1 gc, windows-amd64)
# No core dump will be written. Minidumps are not enabled by default on client versions of Windows
#

---------------  S U M M A R Y ------------

Command Line: -agentlib:jdwp=transport=dt_socket,address=127.0.0.1:63594,suspend=y,server=n -XX:TieredStopAtLevel=1 -Dspring.output.ansi.enabled=always -Dcom.sun.management.jmxremote -Dspring.jmx.enabled=true -Dspring.liveBeansView.mbeanDomain -Dspring.application.admin.enabled=true -Dmanagement.endpoints.jmx.exposure.include=* -javaagent:C:\Users\pc\AppData\Local\JetBrains\IntelliJIdea2023.3\captureAgent\debugger-agent.jar=file:/C:/Users/pc/AppData/Local/Temp/capture.props -Dfile.encoding=UTF-8 com.backend.userservice.UserServiceApplication

Host: Intel(R) Core(TM) i3-10110U CPU @ 2.10GHz, 4 cores, 7G,  Windows 10 , 64 bit Build 19041 (10.0.19041.3636)
Time: Thu Apr 17 03:24:04 2025 Paris, Madrid (heure duild 19041 (10.0.19041.3636) elapsed time: 0.057225 seconds (0d 0h 0m 0s)

---------------  T H R E A D  ---------------

Current thread (0x0000021b7db4ee60):  JavaThread "Unknown thread" [_thread_in_vm, id=7204, stack(0x000000c115500000,0x000000c115600000)]

Stack: [0x000000c115500000,0x000000c115600000]
Native frames: (J=compiled Java code, j=interpreted, Vv=VM code, C=native code)
V  [jvm.dll+0x681069]
V  [jvm.dll+0x838cca]
V  [jvm.dll+0x83a78e]
V  [jvm.dll+0x83adf3]
V  [jvm.dll+0x24826f]
V  [jvm.dll+0x67dd99]
V  [jvm.dll+0x67286a]
V  [jvm.dll+0x30826b]
V  [jvm.dll+0x30f756]
V  [jvm.dll+0x35face]
V  [jvm.dll+0x35fd0f]
V  [jvm.dll+0x2df21c]
V  [jvm.dll+0x2e0174]
V  [jvm.dll+0x80a48b]
V  [jvm.dll+0x36d841]
V  [jvm.dll+0x7e8db5]
V  [jvm.dll+0x3f154f]
V  [jvm.dll+0x3f30c1]
C  [jli.dll+0x52ab]
C  [ucrtbase.dll+0x21bb2]
C  [KERNEL32.DLL+0x17344]
C  [ntdll.dll+0x526b1]


---------------  P R O C E S S  ---------------

Threads class SMR info:
_java_thread_list=0x00007ffe4b288f18, length=0, elements={
}

Java Threads: ( => current thread )

Other Threads:
  0x0000021b7db66a80 GCTaskThread "GC Thread#0" [stack: 0x000000c115600000,0x000000c115700000] [id=20836]
  0x0000021b7dbba410 ConcurrentGCThread "G1 Main Marker" [stack: 0x000000c115700000,0x000000c115800000] [id=10940]
  0x0000021b7dbbbe40 ConcurrentGCThread "G1 Conc#0" [stack: 0x000000c115800000,0x000000c115900000] [id=22132]

[error occurred during error reporting (printing all threads), id 0xc0000005, EXCEPTION_ACCESS_VIOLATION (0xc0000005) at pc=0x00007ffe4aa3f957]

VM state: not at safepoint (not fully initialized)

VM Mutex/Monitor currently owned by a thread:  ([mutex/lock_event])
[0x0000021b7db49a60] Heap_lock - owner thread: 0x0000021b7db4ee60

Heap address: 0x0000000082800000, size: 2008 MB, Compressed Oops mode: 32-bit

CDS archive(s) mapped at: [0x0000000000000000-0x0000000000000000-0x0000000000000000), size 0, SharedBaseAddress: 0x0000000800000000, ArchiveRelocationMode: 1.
Narrow klass base: 0x0000000000000000, Narrow klass shift: 0, Narrow klass range: 0x0

GC Precious Log:
<Empty>

Heap:
 garbage-first heap   total 0K, used 0K [0x0000000082800000, 0x0000000100000000)
  region size 1024K, 0 young (0K), 0 survivors (0K)

[error occurred during error reporting (printing heap information), id 0xc0000005, EXCEPTION_ACCESS_VIOLATION (0xc0000005) at pc=0x00007ffe4ae2a2b9]

GC Heap History (0 events):
No events

Dll operation events (2 events):
Event: 0.047 Loaded shared library C:\Users\pc\.jdks\corretto-17.0.14\bin\java.dll
Event: 0.049 Loaded shared library C:\Users\pc\.jdks\corretto-17.0.14\bin\zip.dll

Deoptimization events (0 events):
No events

Classes loaded (0 events):
No events

Classes unloaded (0 events):
No events

Classes redefined (0 events):
No events

Internal exceptions (0 events):
No events

VM Operations (0 events):
No events

Memory protections (0 events):
No events

Nmethod flushes (0 events):
No events

Events (0 events):
No events


Dynamic libraries:
0x00007ff68f590000 - 0x00007ff68f59e000 	C:\Users\pc\.jdks\corretto-17.0.14\bin\java.exe
0x00007ffeb1250000 - 0x00007ffeb1448000 	C:\Windows\SYSTEM32\ntdll.dll
0x00007ffeafe60000 - 0x00007ffeaff1d000 	C:\Windows\System32\KERNEL32.DLL
0x00007ffeaea30000 - 0x00007ffeaed26000 	C:\Windows\System32\KERNELBASE.dll
0x00007ffeae930000 - 0x00007ffeaea30000 	C:\Windows\System32\ucrtbase.dll
0x00007ffea83b0000 - 0x00007ffea83cb000 	C:\Users\pc\.jdks\corretto-17.0.14\bin\VCRUNTIME140.dll
0x00007ffea4200000 - 0x00007ffea4217000 	C:\Users\pc\.jdks\corretto-17.0.14\bin\jli.dll
0x00007ffeb03e0000 - 0x00007ffeb057e000 	C:\Windows\System32\USER32.dll
0x00007ffeaee30000 - 0x00007ffeaee52000 	C:\Windows\System32\win32u.dll
0x00007ffeaf890000 - 0x00007ffeaf8bc000 	C:\Windows\System32\GDI32.dll
0x00007ffe96a00000 - 0x00007ffe96c9a000 	C:\Windows\WinSxS\amd64_microsoft.windows.common-controls_6595b64144ccf1df_6.0.19041.3636_none_60b6a03d71f818d5\COMCTL32.dll
0x00007ffeaf190000 - 0x00007ffeaf2aa000 	C:\Windows\System32\gdi32full.dll
0x00007ffeaf0f0000 - 0x00007ffeaf18d000 	C:\Windows\System32\msvcp_win.dll
0x00007ffeb02e0000 - 0x00007ffeb037e000 	C:\Windows\System32\msvcrt.dll
0x00007ffeaf2b0000 - 0x00007ffeaf2e0000 	C:\Windows\System32\IMM32.DLL
0x00007ffea9870000 - 0x00007ffea987c000 	C:\Users\pc\.jdks\corretto-17.0.14\bin\vcruntime140_1.dll
0x00007ffe854b0000 - 0x00007ffe8553d000 	C:\Users\pc\.jdks\corretto-17.0.14\bin\msvcp140.dll
0x00007ffe4a750000 - 0x00007ffe4b3bc000 	C:\Users\pc\.jdks\corretto-17.0.14\bin\server\jvm.dll
0x00007ffeb0de0000 - 0x00007ffeb0e8f000 	C:\Windows\System32\ADVAPI32.dll
0x00007ffeb0580000 - 0x00007ffeb061c000 	C:\Windows\System32\sechost.dll
0x00007ffeaf760000 - 0x00007ffeaf886000 	C:\Windows\System32\RPCRT4.dll
0x00007ffeb0620000 - 0x00007ffeb068b000 	C:\Windows\System32\WS2_32.dll
0x00007ffeae790000 - 0x00007ffeae7db000 	C:\Windows\SYSTEM32\POWRPROF.dll
0x00007ffe96cb0000 - 0x00007ffe96cd7000 	C:\Windows\SYSTEM32\WINMM.dll
0x00007ffea5b10000 - 0x00007ffea5b1a000 	C:\Windows\SYSTEM32\VERSION.dll
0x00007ffeae770000 - 0x00007ffeae782000 	C:\Windows\SYSTEM32\UMPDC.dll
0x00007ffead140000 - 0x00007ffead152000 	C:\Windows\SYSTEM32\kernel.appcore.dll
0x00007ffea83a0000 - 0x00007ffea83aa000 	C:\Users\pc\.jdks\corretto-17.0.14\bin\jimage.dll
0x00007ffe997a0000 - 0x00007ffe99984000 	C:\Windows\SYSTEM32\DBGHELP.DLL
0x00007ffe8a9b0000 - 0x00007ffe8a9e4000 	C:\Windows\SYSTEM32\dbgcore.DLL
0x00007ffeaefc0000 - 0x00007ffeaf042000 	C:\Windows\System32\bcryptPrimitives.dll
0x00007ffe99350000 - 0x00007ffe9938b000 	C:\Users\pc\.jdks\corretto-17.0.14\bin\jdwp.dll
0x00007ffea5fe0000 - 0x00007ffea5fee000 	C:\Users\pc\.jdks\corretto-17.0.14\bin\instrument.dll
0x00007ffea4180000 - 0x00007ffea41a5000 	C:\Users\pc\.jdks\corretto-17.0.14\bin\java.dll
0x00007ffe971d0000 - 0x00007ffe971e8000 	C:\Users\pc\.jdks\corretto-17.0.14\bin\zip.dll

dbghelp: loaded successfully - version: 4.0.5 - missing functions: none
symbol engine: initialized successfully - sym options: 0x614 - pdb path: .;C:\Users\pc\.jdks\corretto-17.0.14\bin;C:\Windows\SYSTEM32;C:\Windows\WinSxS\amd64_microsoft.windows.common-controls_6595b64144ccf1df_6.0.19041.3636_none_60b6a03d71f818d5;C:\Users\pc\.jdks\corretto-17.0.14\bin\server

VM Arguments:
jvm_args: -agentlib:jdwp=transport=dt_socket,address=127.0.0.1:63594,suspend=y,server=n -XX:TieredStopAtLevel=1 -Dspring.output.ansi.enabled=always -Dcom.sun.management.jmxremote -Dspring.jmx.enabled=true -Dspring.liveBeansView.mbeanDomain -Dspring.application.admin.enabled=true -Dmanagement.endpoints.jmx.exposure.include=* -javaagent:C:\Users\pc\AppData\Local\JetBrains\IntelliJIdea2023.3\captureAgent\debugger-agent.jar=file:/C:/Users/pc/AppData/Local/Temp/capture.props -Dfile.encoding=UTF-8 
java_command: com.backend.userservice.UserServiceApplication
java_class_path (initial): C:\Users\pc\Desktop\User\backend\backend\user-service\target\classes;C:\Users\pc\.m2\repository\org\springframework\boot\spring-boot-starter-data-jpa\3.0.0\spring-boot-starter-data-jpa-3.0.0.jar;C:\Users\pc\.m2\repository\org\springframework\boot\spring-boot-starter-aop\3.0.0\spring-boot-starter-aop-3.0.0.jar;C:\Users\pc\.m2\repository\org\aspectj\aspectjweaver\1.9.9.1\aspectjweaver-1.9.9.1.jar;C:\Users\pc\.m2\repository\org\springframework\boot\spring-boot-starter-jdbc\3.0.0\spring-boot-starter-jdbc-3.0.0.jar;C:\Users\pc\.m2\repository\com\zaxxer\HikariCP\5.0.1\HikariCP-5.0.1.jar;C:\Users\pc\.m2\repository\org\springframework\spring-jdbc\6.0.2\spring-jdbc-6.0.2.jar;C:\Users\pc\.m2\repository\org\hibernate\orm\hibernate-core\6.1.5.Final\hibernate-core-6.1.5.Final.jar;C:\Users\pc\.m2\repository\jakarta\persistence\jakarta.persistence-api\3.1.0\jakarta.persistence-api-3.1.0.jar;C:\Users\pc\.m2\repository\jakarta\transaction\jakarta.transaction-api\2.0.1\jakarta.transaction-api-2.0.1.jar;C:\Users\pc\.m2\repository\org\jboss\logging\jboss-logging\3.5.0.Final\jboss-logging-3.5.0.Final.jar;C:\Users\pc\.m2\repository\org\hibernate\common\hibernate-commons-annotations\6.0.2.Final\hibernate-commons-annotations-6.0.2.Final.jar;C:\Users\pc\.m2\repository\org\jboss\jandex\2.4.2.Final\jandex-2.4.2.Final.jar;C:\Users\pc\.m2\repository\com\fasterxml\classmate\1.5.1\classmate-1.5.1.jar;C:\Users\pc\.m2\repository\net\bytebuddy\byte-buddy\1.12.19\byte-buddy-1.12.19.jar;C:\Users\pc\.m2\repository\org\glassfish\jaxb\jaxb-runtime\4.0.1\jaxb-runtime-4.0.1.jar;C:\Users\pc\.m2\repository\org\glassfish\jaxb\jaxb-core\4.0.1\jaxb-core-4.0.1.jar;C:\Users\pc\.m2\repository\org\eclipse\angus\angus-activation\1.0.0\angus-activation-1.0.0.jar;C:\Users\pc\.m2\repository\org\glassfish\jaxb\txw2\4.0.1\txw2-4.0.1.jar;C:\Users\pc\.m2\repository\com\sun\istack\istack-commons-runtime\4.1.1\istack-commons-runtime-4.1.1.jar;C:\Users\pc\.m2\repository\jakarta\inject\jakarta.inje
Launcher Type: SUN_STANDARD

[Global flags]
     intx CICompilerCount                          = 3                                         {product} {ergonomic}
     uint ConcGCThreads                            = 1                                         {product} {ergonomic}
     uint G1ConcRefinementThreads                  = 4                                         {product} {ergonomic}
   size_t G1HeapRegionSize                         = 1048576                                   {product} {ergonomic}
    uintx GCDrainStackTargetSize                   = 64                                        {product} {ergonomic}
   size_t InitialHeapSize                          = 132120576                                 {product} {ergonomic}
     bool ManagementServer                         = true                                      {product} {command line}
   size_t MarkStackSize                            = 4194304                                   {product} {ergonomic}
   size_t MaxHeapSize                              = 2105540608                                {product} {ergonomic}
   size_t MinHeapDeltaBytes                        = 1048576                                   {product} {ergonomic}
   size_t MinHeapSize                              = 8388608                                   {product} {ergonomic}
    uintx NonProfiledCodeHeapSize                  = 0                                      {pd product} {ergonomic}
     bool ProfileInterpreter                       = false                                  {pd product} {command line}
    uintx ProfiledCodeHeapSize                     = 0                                      {pd product} {ergonomic}
   size_t SoftMaxHeapSize                          = 2105540608                             {manageable} {ergonomic}
     intx TieredStopAtLevel                        = 1                                         {product} {command line}
     bool UseCompressedClassPointers               = true                           {product lp64_product} {ergonomic}
     bool UseCompressedOops                        = true                           {product lp64_product} {ergonomic}
     bool UseG1GC                                  = true                                      {product} {ergonomic}
     bool UseLargePagesIndividualAllocation        = false                                  {pd product} {ergonomic}

Logging:
Log output configuration:
 #0: stdout all=warning uptime,level,tags
 #1: stderr all=off uptime,level,tags

Environment Variables:
PATH=c:\Users\pc\AppData\Local\Programs\cursor\resources\app\bin;C:\Windows\system32;C:\Windows;C:\Windows\System32\Wbem;C:\Windows\System32\WindowsPowerShell\v1.0\;C:\Windows\System32\OpenSSH\;C:\Program Files\nodejs\;C:\Program Files\Git\cmd;C:\Program Files\Docker\Docker\resources\bin;C:\Users\pc\AppData\Local\Microsoft\WindowsApps;;C:\Program Files\JetBrains\IntelliJ IDEA 2023.3.2\bin;;C:\Users\pc\AppData\Roaming\npm;C:\Users\pc\AppData\Local\Programs\cursor\resources\app\bin;c:\Users\pc\AppData\Local\Programs\cursor\resources\app\bin;C:\Users\pc\AppData\Local\Programs\Python\Python314\Scripts\;C:\Users\pc\AppData\Local\Programs\Python\Python314\;C:\Users\pc\AppData\Local\Microsoft\WindowsApps;;C:\Program Files\JetBrains\IntelliJ IDEA 2023.3.2\bin;;C:\Users\pc\AppData\Local\Programs\Microsoft VS Code\bin;C:\Users\pc\AppData\Roaming\npm;C:\Users\pc\AppData\Local\Programs\cursor\resources\app\bin
USERNAME=pc
OS=Windows_NT
PROCESSOR_IDENTIFIER=Intel64 Family 6 Model 142 Stepping 12, GenuineIntel
TMP=C:\Users\pc\AppData\Local\Temp
TEMP=C:\Users\pc\AppData\Local\Temp



Periodic native trim disabled


---------------  S Y S T E M  ---------------

OS:
 Windows 10 , 64 bit Build 19041 (10.0.19041.3636)
OS uptime: 1 days 9:52 hours
Hyper-V role detected

CPU: total 4 (initial active 4) (2 cores per cpu, 2 threads per core) family 6 model 142 stepping 12 microcode 0xde, cx8, cmov, fxsr, ht, mmx, 3dnowpref, sse, sse2, sse3, ssse3, sse4.1, sse4.2, popcnt, lzcnt, tsc, tscinvbit, avx, avx2, aes, erms, clmul, bmi1, bmi2, adx, fma, vzeroupper, clflush, clflushopt, hv
Processor Information for all 4 processors :
  Max Mhz: 2592, Current Mhz: 2093, Mhz Limit: 2073

Memory: 4k page, system-wide physical 8025M (425M free)
TotalPageFile size 26050M (AvailPageFile size 91M)
current process WorkingSet (physical memory assigned to process): 10M, peak: 10M
current process commit charge ("private bytes"): 47M, peak: 173M

vm_info: OpenJDK 64-Bit Server VM (17.0.14+7-LTS) for windows-amd64 JRE (17.0.14+7-LTS), built on Jan  7 2025 20:14:24 by "Administrator" with MS VC++ 16.10 / 16.11 (VS2019)

END.
